IQ-TREE multicore version 2.3.6 for MacOS Intel 64-bit built Aug  4 2024
Developed by Bui Quang Minh, Nguyen Lam Tung, Olga Chernomor, Heiko Schmidt,
Dominik Schrempf, Michael Woodhams, Ly Trong Nhan, Thomas Wong

Host:    CM-C02DX0XDMD6W.local (AVX2, FMA3, 32 GB RAM)
Command: iqtree -s ../../2305_GenEpi/2403_ECDC_Webinar/GenEpi-BioTrain_Virtual_Training_7/data/core_stripped.filtered_polymorphic_sites.fasta --date ../../2305_GenEpi/2403_ECDC_Webinar/GenEpi-BioTrain_Virtual_Training_7/metadata/metadata.csv -m TEST+ASC -redo
Seed:    220256 (Using SPRNG - Scalable Parallel Random Number Generator)
Time:    Thu Jan 23 15:30:18 2025
Kernel:  AVX+FMA - 1 threads (16 CPU cores detected)

HINT: Use -nt option to specify number of threads because your CPU has 16 cores!
HINT: -nt AUTO will automatically determine the best number of threads to use.

Reading alignment file ../../2305_GenEpi/2403_ECDC_Webinar/GenEpi-BioTrain_Virtual_Training_7/data/core_stripped.filtered_polymorphic_sites.fasta ... Fasta format detected
Reading fasta file: done in 0.000272989 secs using 87.92% CPU
Alignment most likely contains DNA/RNA sequences
Alignment has 23 sequences with 587 columns, 179 distinct patterns
238 parsimony-informative, 349 singleton sites, 0 constant sites
             Gap/Ambiguity  Composition  p-value
Analyzing sequences: done in 1.5974e-05 secs using 87.64% CPU
   1  Reference      0.00%    passed     91.07%
   2  SRR27240806    0.00%    passed     91.07%
   3  SRR27240807    0.00%    passed     79.49%
   4  SRR27240808    0.00%    passed     77.59%
   5  SRR27240809    0.00%    passed     75.85%
   6  SRR27240810    0.00%    passed     85.95%
   7  SRR27240811    0.00%    passed     84.96%
   8  SRR27240812    0.00%    passed     51.38%
   9  SRR27240813    0.00%    passed     80.90%
  10  SRR27240814    0.00%    passed     84.28%
  11  SRR27240815    0.00%    passed     80.83%
  12  SRR27240816    0.00%    passed     93.58%
  13  SRR27240817    0.00%    passed     77.46%
  14  SRR27240818    0.00%    passed     71.67%
  15  SRR27240819    0.00%    passed     90.57%
  16  SRR27240820    0.00%    passed     92.44%
  17  SRR27240821    0.00%    passed     95.71%
  18  SRR27240822    0.00%    passed     88.51%
  19  SRR27240823    0.00%    passed     87.82%
  20  SRR27240824    0.00%    passed     76.99%
  21  SRR27240825    0.00%    passed     72.54%
  22  SRR27240826    0.00%    passed     83.55%
  23  SRR27240827    0.00%    passed     71.62%
****  TOTAL          0.00%  0 sequences failed composition chi2 test (p-value<5%; df=3)
NOTE: SRR27240806 is identical to Reference but kept for subsequent analysis


Create initial parsimony tree by phylogenetic likelihood library (PLL)... 0.001 seconds
Perform fast likelihood tree search using GTR+ASC model...
Estimate model parameters (epsilon = 5.000)
Perform nearest neighbor interchange...
Estimate model parameters (epsilon = 1.000)
1. Initial log-likelihood: -3165.479
Optimal log-likelihood: -3165.425
Rate parameters:  A-C: 1.43957  A-G: 5.02833  A-T: 2.75605  C-G: 0.34684  C-T: 5.45279  G-T: 1.00000
Base frequencies:  A: 0.195  C: 0.276  G: 0.355  T: 0.174
Parameters optimization took 1 rounds (0.003 sec)
Time for fast ML tree search: 0.049 seconds

NOTE: ModelFinder requires 0 MB RAM!
ModelFinder will test up to 44 DNA models (sample size: 587 epsilon: 0.100) ...
 No. Model         -LnL         df  AIC          AICc         BIC
  1  GTR+F+ASC     3165.419     51  6432.839     6442.753     6655.965
  2  GTR+F+ASC+G4  3163.888     52  6431.775     6442.097     6659.276
  3  SYM+ASC       3175.476     48  6446.952     6455.696     6656.954
  4  SYM+ASC+G4    3174.138     49  6446.276     6455.401     6660.653
  5  TVM+F+ASC     3166.032     50  6432.065     6441.580     6650.816
  6  TVM+F+ASC+G4  3164.036     51  6430.071     6439.985     6653.197
  7  TVMe+ASC      3179.334     47  6452.667     6461.038     6658.293
  8  TVMe+ASC+G4   3177.819     48  6451.638     6460.381     6661.639
  9  TIM3+F+ASC    3197.015     49  6492.031     6501.156     6706.407
 10  TIM3+F+ASC+G4 3195.245     50  6490.490     6500.005     6709.241
 11  TIM3e+ASC     3183.521     46  6459.042     6467.050     6660.293
 12  TIM3e+ASC+G4  3182.093     47  6458.185     6466.556     6663.811
 13  TIM2+F+ASC    3180.849     49  6459.698     6468.822     6674.074
 14  TIM2+F+ASC+G4 3178.741     50  6457.482     6466.997     6676.234
 15  TIM2e+ASC     3178.826     46  6449.653     6457.660     6650.904
 16  TIM2e+ASC+G4  3177.266     47  6448.532     6456.903     6654.158
 17  TIM+F+ASC     3209.726     49  6517.453     6526.577     6731.829
 18  TIM+F+ASC+G4  3207.953     50  6515.906     6525.421     6734.657
 19  TIMe+ASC      3185.685     46  6463.371     6471.378     6664.622
 20  TIMe+ASC+G4   3184.208     47  6462.417     6470.788     6668.043
 21  TPM3u+F+ASC   3197.493     48  6490.985     6499.729     6700.987
 22  TPM3u+F+ASC+G4 3195.506     49  6489.011     6498.136     6703.387
 23  TPM3+ASC      3187.405     45  6464.811     6472.463     6661.687
 24  TPM3+ASC+G4   3185.842     46  6463.684     6471.691     6664.935
 25  TPM2u+F+ASC   3181.222     48  6458.445     6467.188     6668.446
 26  TPM2u+F+ASC+G4 3179.011     49  6456.022     6465.147     6670.398
 27  TPM2+ASC      3182.689     45  6455.378     6463.031     6652.254
 28  TPM2+ASC+G4   3181.072     46  6454.144     6462.151     6655.395
 29  K3Pu+F+ASC    3210.071     48  6516.143     6524.886     6726.144
 30  K3Pu+F+ASC+G4 3208.271     49  6514.541     6523.666     6728.918
 31  K3P+ASC       3189.546     45  6469.092     6476.744     6665.968
 32  K3P+ASC+G4    3188.033     46  6468.066     6476.073     6669.317
 33  TN+F+ASC      3211.190     48  6518.380     6527.124     6728.381
 34  TN+F+ASC+G4   3209.358     49  6516.715     6525.840     6731.091
 35  TNe+ASC       3185.961     45  6461.922     6469.575     6658.799
 36  TNe+ASC+G4    3184.436     46  6460.872     6468.880     6662.123
 37  HKY+F+ASC     3211.558     47  6517.115     6525.486     6722.741
 38  HKY+F+ASC+G4  3209.659     48  6515.317     6524.061     6725.319
 39  K2P+ASC       3189.833     44  6467.665     6474.971     6660.166
 40  K2P+ASC+G4    3188.248     45  6466.496     6474.149     6663.372
 41  F81+F+ASC     3391.609     46  6875.218     6883.225     7076.469
 42  F81+F+ASC+G4  3389.952     47  6873.903     6882.274     7079.530
 43  JC+ASC        3356.940     43  6799.880     6806.849     6988.006
 44  JC+ASC+G4     3355.357     44  6798.714     6806.021     6991.215
Akaike Information Criterion:           TVM+F+ASC+G4
Corrected Akaike Information Criterion: TVM+F+ASC+G4
Bayesian Information Criterion:         TVM+F+ASC
Best-fit model: TVM+F+ASC chosen according to BIC

All model information printed to ../../2305_GenEpi/2403_ECDC_Webinar/GenEpi-BioTrain_Virtual_Training_7/data/core_stripped.filtered_polymorphic_sites.fasta.model.gz
CPU time for ModelFinder: 0.290 seconds (0h:0m:0s)
Wall-clock time for ModelFinder: 0.298 seconds (0h:0m:0s)

NOTE: 0 MB RAM (0 GB) is required!
Estimate model parameters (epsilon = 0.100)
1. Initial log-likelihood: -3391.694
2. Current log-likelihood: -3166.658
3. Current log-likelihood: -3166.336
Optimal log-likelihood: -3166.175
Rate parameters:  A-C: 1.43390  A-G: 5.15950  A-T: 2.71220  C-G: 0.34943  C-T: 5.15950  G-T: 1.00000
Base frequencies:  A: 0.195  C: 0.276  G: 0.355  T: 0.174
Parameters optimization took 3 rounds (0.015 sec)
Wrote distance file to... 
Computing ML distances based on estimated model parameters...
Calculating distance matrix: done in 0.000653982 secs using 96.79% CPU
Computing ML distances took 0.000853 sec (of wall-clock time) 0.000711 sec (of CPU time)
Setting up auxiliary I and S matrices: done in 9.01222e-05 secs using 93.21% CPU
Computing RapidNJ tree took 0.000294 sec (of wall-clock time) 0.000273 sec (of CPU time)
Log-likelihood of RapidNJ tree: -3226.021
--------------------------------------------------------------------
|             INITIALIZING CANDIDATE TREE SET                      |
--------------------------------------------------------------------
Generating 98 parsimony trees... 0.084 second
Computing log-likelihood of 98 initial trees ... 0.056 seconds
Current best score: -3166.175

Do NNI search on 20 best initial trees
Estimate model parameters (epsilon = 0.100)
BETTER TREE FOUND at iteration 1: -3165.727
Iteration 10 / LogL: -3165.780 / Time: 0h:0m:0s
Iteration 20 / LogL: -3165.773 / Time: 0h:0m:1s
Finish initializing candidate tree set (18)
Current best tree score: -3165.727 / CPU time: 0.818
Number of iterations: 20
--------------------------------------------------------------------
|               OPTIMIZING CANDIDATE TREE SET                      |
--------------------------------------------------------------------
BETTER TREE FOUND at iteration 23: -3165.724
WARNING: NNI search needs unusual large number of steps (23) to converge!
Iteration 30 / LogL: -3165.785 / Time: 0h:0m:1s (0h:0m:3s left)
Iteration 40 / LogL: -3165.780 / Time: 0h:0m:1s (0h:0m:3s left)
Iteration 50 / LogL: -3165.769 / Time: 0h:0m:2s (0h:0m:2s left)
BETTER TREE FOUND at iteration 54: -3165.723
Iteration 60 / LogL: -3165.742 / Time: 0h:0m:2s (0h:0m:3s left)
UPDATE BEST LOG-LIKELIHOOD: -3165.723
Iteration 70 / LogL: -3165.723 / Time: 0h:0m:2s (0h:0m:2s left)
WARNING: NNI search needs unusual large number of steps (23) to converge!
Iteration 80 / LogL: -3333.976 / Time: 0h:0m:2s (0h:0m:2s left)
Iteration 90 / LogL: -3165.804 / Time: 0h:0m:3s (0h:0m:2s left)
WARNING: NNI search needs unusual large number of steps (23) to converge!
Iteration 100 / LogL: -3165.778 / Time: 0h:0m:3s (0h:0m:1s left)
Iteration 110 / LogL: -3165.744 / Time: 0h:0m:3s (0h:0m:1s left)
Iteration 120 / LogL: -3165.740 / Time: 0h:0m:4s (0h:0m:1s left)
Iteration 130 / LogL: -3165.837 / Time: 0h:0m:4s (0h:0m:0s left)
Iteration 140 / LogL: -3165.801 / Time: 0h:0m:4s (0h:0m:0s left)
Iteration 150 / LogL: -3165.779 / Time: 0h:0m:5s (0h:0m:0s left)
WARNING: NNI search needs unusual large number of steps (23) to converge!
TREE SEARCH COMPLETED AFTER 155 ITERATIONS / Time: 0h:0m:5s

--------------------------------------------------------------------
|                    FINALIZING TREE SEARCH                        |
--------------------------------------------------------------------
Performs final model parameters optimization
Estimate model parameters (epsilon = 0.010)
1. Initial log-likelihood: -3165.723
Optimal log-likelihood: -3165.722
Rate parameters:  A-C: 1.43732  A-G: 5.18222  A-T: 2.74647  C-G: 0.34502  C-T: 5.18222  G-T: 1.00000
Base frequencies:  A: 0.195  C: 0.276  G: 0.355  T: 0.174
Parameters optimization took 1 rounds (0.002 sec)
BEST SCORE FOUND : -3165.722
Total tree length: 0.107

Total number of iterations: 155
CPU time used for tree search: 5.009 sec (0h:0m:5s)
Wall-clock time used for tree search: 4.869 sec (0h:0m:4s)
Total CPU time used: 5.350 sec (0h:0m:5s)
Total wall-clock time used: 5.211 sec (0h:0m:5s)

Analysis results written to: 
  IQ-TREE report:                ../../2305_GenEpi/2403_ECDC_Webinar/GenEpi-BioTrain_Virtual_Training_7/data/core_stripped.filtered_polymorphic_sites.fasta.iqtree
  Maximum-likelihood tree:       ../../2305_GenEpi/2403_ECDC_Webinar/GenEpi-BioTrain_Virtual_Training_7/data/core_stripped.filtered_polymorphic_sites.fasta.treefile
  Likelihood distances:          ../../2305_GenEpi/2403_ECDC_Webinar/GenEpi-BioTrain_Virtual_Training_7/data/core_stripped.filtered_polymorphic_sites.fasta.mldist
  Screen log file:               ../../2305_GenEpi/2403_ECDC_Webinar/GenEpi-BioTrain_Virtual_Training_7/data/core_stripped.filtered_polymorphic_sites.fasta.log

--- Start phylogenetic dating ---
Reading date file ../../2305_GenEpi/2403_ECDC_Webinar/GenEpi-BioTrain_Virtual_Training_7/metadata/metadata.csv ...
22 dates extracted
Building time tree by least-square dating (LSD) with command:
lsd -i ../../2305_GenEpi/2403_ECDC_Webinar/GenEpi-BioTrain_Virtual_Training_7/data/core_stripped.filtered_polymorphic_sites.fasta.timetree.subst -s 587 -o ../../2305_GenEpi/2403_ECDC_Webinar/GenEpi-BioTrain_Virtual_Training_7/data/core_stripped.filtered_polymorphic_sites.fasta.timetree -r a -d ../../2305_GenEpi/2403_ECDC_Webinar/GenEpi-BioTrain_Virtual_Training_7/data/core_stripped.filtered_polymorphic_sites.fasta.timetree.date 

TREE 1
*PROCESSING:
Reading the tree ... 
Collapse 11 (over 20) internal branches having branch length <= 0.000852
 (settable via option -l)
Parameter to adjust variances was set to 0.017 (settable via option -b)
Minimum branch length of time scaled tree (settable via option -u and -U): 0
Estimating the root position on all branches using fast method ...

*WARNINGS:
- The tips Reference do not have temporal constraint, their dates will be infered.
- 55% internal branches were collapsed.
- The tips Reference do not have temporal constraint, their dates will be infered.
- There's not enough input date information to have a unique solution. 
The reported results show the upper solution: upper_rate and upper_dates.
For any coefficient k<=1, there's a corresponding solution where the rate is upper_rate*k,
and the date of any node i is upper_dates[i]/k+2017.5*(k-1)/k
- The estimated rate reaches the given lower bound. To change the lower bound, use option -t.

*RESULTS:
- Dating results:
 rate NA:1e-10, tMRCA NA:-132626581-09-25 , objective function 0.00116865

TOTAL ELAPSED TIME: 0.0059 seconds
LSD results written to:
  LSD report:                  ../../2305_GenEpi/2403_ECDC_Webinar/GenEpi-BioTrain_Virtual_Training_7/data/core_stripped.filtered_polymorphic_sites.fasta.timetree.lsd
  Time tree in nexus format:   ../../2305_GenEpi/2403_ECDC_Webinar/GenEpi-BioTrain_Virtual_Training_7/data/core_stripped.filtered_polymorphic_sites.fasta.timetree.nex
  Time tree in newick format:  ../../2305_GenEpi/2403_ECDC_Webinar/GenEpi-BioTrain_Virtual_Training_7/data/core_stripped.filtered_polymorphic_sites.fasta.timetree.nwk

--- End phylogenetic dating ---
Date and Time: Thu Jan 23 15:30:23 2025
